#
# A fatal error has been detected by the Java Runtime Environment:
#
#  Internal Error (os_linux_zero.cpp:270), pid=3862, tid=3055957104
#  fatal error: caught unhandled signal 8
#
# JRE version: 6.0_24-b24
# Java VM: OpenJDK Zero VM (20.0-b12 mixed mode linux-arm )
# Derivative: IcedTea6 1.11.5
# Distribution: Ubuntu 12.04 LTS, package 6b24-1.11.5-0ubuntu1~12.04.1
# If you would like to submit a bug report, please include
# instructions how to reproduce the bug and visit:
#   https://bugs.launchpad.net/ubuntu/+source/openjdk-6/
# The crash happened outside the Java Virtual Machine in native code.
# See problematic frame for where to report the bug.
#

---------------  T H R E A D  ---------------

Current thread (0xb5f03a80):  JavaThread "main" [_thread_in_native, id=3863, stack(0xb60e5000,0xb6264000)]

Stack: [0xb60e5000,0xb6264000],  sp=0xb61a5f5c,  free space=771k
Java frames:
 0xb6262a6c: istate->_thread       = 0xb5f03a80
 0xb6262a70: istate->_bcp          = 0x00000000
 0xb6262a74: istate->_locals       = 0xb6262ab8
 0xb6262a78: istate->_constants    = 0xb00c8578
 0xb6262a7c: istate->_method       = april.jcam.ImageSourceNative.image_source_get_frame_jni(I)Lapril/jcam/FrameData;
 0xb6262a80: istate->_mdx          = 0xb6262a4c
 0xb6262a84: istate->_stack        = 0xb3f00140
 0xb6262a88: istate->_msg          = 0x00000000
 0xb6262a8c: istate->_result       = 0xb6262a4c
 0xb6262a90: (istate->_result)     = 0x00000000
 0xb6262a94: (istate->_result)     = 0xb6262a60
 0xb6262a98: istate->_prev_link    = 0xb6262a58
 0xb6262a9c: istate->_oop_temp     = 0xb00c8420
 0xb6262aa0: istate->_stack_base   = 0xb6262a6c
 0xb6262aa4: istate->_stack_limit  = 0xb6262a68
 0xb6262aa8: istate->_monitor_base = 0xb6262a6c
 0xb6262aac: istate->_self_link    = 0xb6262a6c
 0xb6262ab0: frame_type            = INTERPRETER_FRAME
 0xb6262ab4: next_frame            = 0xb6262b04

 0xb6262ab8: local[0]              = 0x00000000
 0xb6262abc: istate->_thread       = 0xb5f03a80
 0xb6262ac0: istate->_bcp          = 0xb00c782c (bci 4)
 0xb6262ac4: istate->_locals       = 0xb6262b08
 0xb6262ac8: istate->_constants    = 0xb00c8578
 0xb6262acc: istate->_method       = april.jcam.ImageSourceNative.getFrame()Lapril/jcam/FrameData;
 0xb6262ad0: istate->_mdx          = 0xb6262aac
 0xb6262ad4: istate->_stack        = 0xb6262ab4
 0xb6262ad8: istate->_msg          = 0x00000000
 0xb6262adc: istate->_result       = 0xb3f00140
 0xb6262ae0: (istate->_result)     = 0xb3f00174
 0xb6262ae4: (istate->_result)     = 0xb00c9fd0
 0xb6262ae8: istate->_prev_link    = 0x00000000
 0xb6262aec: istate->_oop_temp     = 0x00000000
 0xb6262af0: istate->_stack_base   = 0xb6262abc
 0xb6262af4: istate->_stack_limit  = 0xb6262ab4
 0xb6262af8: istate->_monitor_base = 0xb6262abc
 0xb6262afc: istate->_self_link    = 0xb6262abc
 0xb6262b00: frame_type            = INTERPRETER_FRAME
 0xb6262b04: next_frame            = 0xb6262b54

 0xb6262b08: local[0]              = 0x938df890
 0xb6262b0c: istate->_thread       = 0xb5f03a80
 0xb6262b10: istate->_bcp          = 0xb00613a1 (bci 153)
 0xb6262b14: istate->_locals       = 0xb6262b74
 0xb6262b18: istate->_constants    = 0xb0061720
 0xb6262b1c: istate->_method       = PandaMain_V2.main([Ljava/lang/String;)V
 0xb6262b20: istate->_mdx          = 0x938b78d0
 0xb6262b24: istate->_stack        = 0xb6262b04
 0xb6262b28: istate->_msg          = 0x00000000
 0xb6262b2c: istate->_result       = 0x00000001
 0xb6262b30: (istate->_result)     = 0xb3f00140
 0xb6262b34: (istate->_result)     = 0x00000001
 0xb6262b38: istate->_prev_link    = 0xb6262ba0
 0xb6262b3c: istate->_oop_temp     = 0x00000000
 0xb6262b40: istate->_stack_base   = 0xb6262b0c
 0xb6262b44: istate->_stack_limit  = 0xb6262af0
 0xb6262b48: istate->_monitor_base = 0xb6262b0c
 0xb6262b4c: istate->_self_link    = 0xb6262b0c
 0xb6262b50: frame_type            = INTERPRETER_FRAME
 0xb6262b54: next_frame            = 0xb6262b80

 0xb6262b58: local[7]              = 0x00000000
 0xb6262b5c: local[6]              = 0x00000000
 0xb6262b60: local[5]              = 0x938e4b40
 0xb6262b64: local[4]              = 0x938e1550
 0xb6262b68: local[3]              = 0x938df890
 0xb6262b6c: local[2]              = 0x938b78f8
 0xb6262b70: local[1]              = 0x938df798
 0xb6262b74: local[0]              = 0x938b78c0
 0xb6262b78: call_wrapper          = 0xb6262be0
 0xb6262b7c: frame_type            = ENTRY_FRAME
 0xb6262b80: next_frame            = 0x00000000


---------------  P R O C E S S  ---------------

Java Threads: ( => current thread )
  0xb5f6b098 JavaThread "Low Memory Detector" daemon [_thread_blocked, id=3868, stack(0x92980000,0x92b00000)]
  0xb5f687c8 JavaThread "Signal Dispatcher" daemon [_thread_blocked, id=3867, stack(0x92b00000,0x92c80000)]
  0xb5f5a458 JavaThread "Finalizer" daemon [_thread_blocked, id=3866, stack(0x92e80000,0x93000000)]
  0xb5f59078 JavaThread "Reference Handler" daemon [_thread_blocked, id=3865, stack(0x93180000,0x93300000)]
=>0xb5f03a80 JavaThread "main" [_thread_in_native, id=3863, stack(0xb60e5000,0xb6264000)]

Other Threads:
  0xb5f551f8 VMThread [stack: 0x934a0000,0x9351f000] [id=3864]
  0xb5f6ccf8 WatcherThread [stack: 0x93420000,0x9349f000] [id=3869]

VM state:not at safepoint (normal execution)

VM Mutex/Monitor currently owned by a thread: None

Heap
 def new generation   total 4480K, used 410K [0x93880000, 0x93d40000, 0x9cfc0000)
  eden space 4096K,  10% used [0x93880000, 0x938e6ab0, 0x93c80000)
  from space 384K,   0% used [0x93c80000, 0x93c80000, 0x93ce0000)
  to   space 384K,   0% used [0x93ce0000, 0x93ce0000, 0x93d40000)
 tenured generation   total 9728K, used 0K [0x9cfc0000, 0x9d940000, 0xafe80000)
   the space 9728K,   0% used [0x9cfc0000, 0x9cfc0000, 0x9cfc0200, 0x9d940000)
 compacting perm gen  total 4096K, used 2347K [0xafe80000, 0xb0280000, 0xb3e80000)
   the space 4096K,  57% used [0xafe80000, 0xb00cad68, 0xb00cae00, 0xb0280000)
No shared spaces configured.

Code Cache  [0xb3f00000, 0xb3f28000, 0xb5f00000)
 total_blobs=73 nmethods=0 adapters=59 free_code_cache=33483200 largest_free_block=0

Dynamic libraries:
00008000-00010000 r-xp 00000000 b3:02 281711     /usr/lib/jvm/java-6-openjdk-armhf/jre/bin/java
00017000-00018000 r--p 00007000 b3:02 281711     /usr/lib/jvm/java-6-openjdk-armhf/jre/bin/java
00018000-00019000 rw-p 00008000 b3:02 281711     /usr/lib/jvm/java-6-openjdk-armhf/jre/bin/java
01165000-01186000 rw-p 00000000 00:00 0          [heap]
9293c000-92945000 r-xp 00000000 b3:02 131856     /lib/arm-linux-gnueabihf/libusb-1.0.so.0.1.0
92945000-9294c000 ---p 00009000 b3:02 131856     /lib/arm-linux-gnueabihf/libusb-1.0.so.0.1.0
9294c000-9294d000 r--p 00008000 b3:02 131856     /lib/arm-linux-gnueabihf/libusb-1.0.so.0.1.0
9294d000-9294e000 rw-p 00009000 b3:02 131856     /lib/arm-linux-gnueabihf/libusb-1.0.so.0.1.0
9294e000-92956000 r-xp 00000000 b3:02 220131     /usr/lib/arm-linux-gnueabihf/libraw1394.so.11.0.1
92956000-9295d000 ---p 00008000 b3:02 220131     /usr/lib/arm-linux-gnueabihf/libraw1394.so.11.0.1
9295d000-9295e000 r--p 00007000 b3:02 220131     /usr/lib/arm-linux-gnueabihf/libraw1394.so.11.0.1
9295e000-9295f000 rw-p 00008000 b3:02 220131     /usr/lib/arm-linux-gnueabihf/libraw1394.so.11.0.1
9295f000-92977000 r-xp 00000000 b3:02 131704     /lib/arm-linux-gnueabihf/libpng12.so.0.46.0
92977000-9297e000 ---p 00018000 b3:02 131704     /lib/arm-linux-gnueabihf/libpng12.so.0.46.0
9297e000-9297f000 r--p 00017000 b3:02 131704     /lib/arm-linux-gnueabihf/libpng12.so.0.46.0
9297f000-92980000 rw-p 00018000 b3:02 131704     /lib/arm-linux-gnueabihf/libpng12.so.0.46.0
92980000-92983000 ---p 00000000 00:00 0 
92983000-92b00000 rw-p 00000000 00:00 0 
92b00000-92b03000 ---p 00000000 00:00 0 
92b03000-92c80000 rw-p 00000000 00:00 0 
92c80000-92e80000 r--p 00000000 b3:02 191317     /usr/lib/locale/locale-archive
92e80000-92e83000 ---p 00000000 00:00 0 
92e83000-93000000 rw-p 00000000 00:00 0 
93000000-93021000 rw-p 00000000 00:00 0 
93021000-93100000 ---p 00000000 00:00 0 
93100000-93124000 r-xp 00000000 b3:02 220560     /usr/lib/arm-linux-gnueabihf/libdc1394.so.22.1.7
93124000-9312b000 ---p 00024000 b3:02 220560     /usr/lib/arm-linux-gnueabihf/libdc1394.so.22.1.7
9312b000-9312c000 r--p 00023000 b3:02 220560     /usr/lib/arm-linux-gnueabihf/libdc1394.so.22.1.7
9312c000-9312d000 rw-p 00024000 b3:02 220560     /usr/lib/arm-linux-gnueabihf/libdc1394.so.22.1.7
9312d000-9316d000 rw-p 00000000 00:00 0 
93180000-93183000 ---p 00000000 00:00 0 
93183000-93300000 rw-p 00000000 00:00 0 
93300000-93321000 rw-p 00000000 00:00 0 
93321000-93400000 ---p 00000000 00:00 0 
93402000-93417000 r-xp 00000000 b3:02 444009     /home/panda-user/april/lib/libimagesource.so
93417000-9341e000 ---p 00015000 b3:02 444009     /home/panda-user/april/lib/libimagesource.so
9341e000-9341f000 rw-p 00014000 b3:02 444009     /home/panda-user/april/lib/libimagesource.so
9341f000-93420000 ---p 00000000 00:00 0 
93420000-9349f000 rw-p 00000000 00:00 0 
9349f000-934a0000 ---p 00000000 00:00 0 
934a0000-93552000 rw-p 00000000 00:00 0 
93552000-936e4000 r--s 037c2000 b3:02 281684     /usr/lib/jvm/java-6-openjdk-armhf/jre/lib/rt.jar
936e4000-936e9000 rw-p 00000000 00:00 0 
936e9000-9377c000 rw-p 00000000 00:00 0 
9377c000-9377f000 rw-p 00000000 00:00 0 
9377f000-937c7000 rw-p 00000000 00:00 0 
937c7000-937cd000 rw-p 00000000 00:00 0 
937cd000-9385f000 rw-p 00000000 00:00 0 
9385f000-93861000 rw-p 00000000 00:00 0 
93861000-9387f000 rw-p 00000000 00:00 0 
9387f000-93d40000 rw-p 00000000 00:00 0 
93d40000-9cfc0000 rw-p 00000000 00:00 0 
9cfc0000-9d940000 rw-p 00000000 00:00 0 
9d940000-afe80000 rw-p 00000000 00:00 0 
afe80000-b0280000 rw-p 00000000 00:00 0 
b0280000-b3e80000 rw-p 00000000 00:00 0 
b3e80000-b3e81000 rw-p 00000000 00:00 0 
b3e81000-b3f00000 rw-p 00000000 00:00 0 
b3f00000-b3f28000 rwxp 00000000 00:00 0 
b3f28000-b5f96000 rw-p 00000000 00:00 0 
b5f96000-b6000000 ---p 00000000 00:00 0 
b6009000-b600d000 r--s 0007d000 b3:02 280453     /usr/lib/jvm/java-6-openjdk-common/jre/lib/jsse.jar
b600d000-b601d000 r--s 0024a000 b3:02 443922     /home/panda-user/april/java/april.jar
b601d000-b6020000 r--s 0001d000 b3:02 282826     /usr/local/share/java/lcm.jar
b6020000-b6022000 r--s 0000f000 b3:02 280471     /usr/lib/jvm/java-6-openjdk-common/jre/lib/ext/pulse-java.jar
b6022000-b6026000 r--s 00038000 b3:02 280472     /usr/lib/jvm/java-6-openjdk-common/jre/lib/ext/sunpkcs11.jar
b6026000-b6029000 rw-p 00000000 00:00 0 
b6029000-b6047000 rw-p 00000000 00:00 0 
b6047000-b604c000 r-xp 00000000 b3:02 281654     /usr/lib/jvm/java-6-openjdk-armhf/jre/lib/arm/libzip.so
b604c000-b6053000 ---p 00005000 b3:02 281654     /usr/lib/jvm/java-6-openjdk-armhf/jre/lib/arm/libzip.so
b6053000-b6054000 r--p 00004000 b3:02 281654     /usr/lib/jvm/java-6-openjdk-armhf/jre/lib/arm/libzip.so
b6054000-b6055000 rw-p 00005000 b3:02 281654     /usr/lib/jvm/java-6-openjdk-armhf/jre/lib/arm/libzip.so
b6055000-b605d000 r-xp 00000000 b3:02 142029     /lib/arm-linux-gnueabihf/libnss_files-2.15.so
b605d000-b6064000 ---p 00008000 b3:02 142029     /lib/arm-linux-gnueabihf/libnss_files-2.15.so
b6064000-b6065000 r--p 00007000 b3:02 142029     /lib/arm-linux-gnueabihf/libnss_files-2.15.so
b6065000-b6066000 rw-p 00008000 b3:02 142029     /lib/arm-linux-gnueabihf/libnss_files-2.15.so
b6066000-b606d000 r-xp 00000000 b3:02 142044     /lib/arm-linux-gnueabihf/libnss_nis-2.15.so
b606d000-b6074000 ---p 00007000 b3:02 142044     /lib/arm-linux-gnueabihf/libnss_nis-2.15.so
b6074000-b6075000 r--p 00006000 b3:02 142044     /lib/arm-linux-gnueabihf/libnss_nis-2.15.so
b6075000-b6076000 rw-p 00007000 b3:02 142044     /lib/arm-linux-gnueabihf/libnss_nis-2.15.so
b6076000-b6083000 r-xp 00000000 b3:02 142027     /lib/arm-linux-gnueabihf/libnsl-2.15.so
b6083000-b608a000 ---p 0000d000 b3:02 142027     /lib/arm-linux-gnueabihf/libnsl-2.15.so
b608a000-b608b000 r--p 0000c000 b3:02 142027     /lib/arm-linux-gnueabihf/libnsl-2.15.so
b608b000-b608c000 rw-p 0000d000 b3:02 142027     /lib/arm-linux-gnueabihf/libnsl-2.15.so
b608c000-b608e000 rw-p 00000000 00:00 0 
b608e000-b6093000 r-xp 00000000 b3:02 142037     /lib/arm-linux-gnueabihf/libnss_compat-2.15.so
b6093000-b609a000 ---p 00005000 b3:02 142037     /lib/arm-linux-gnueabihf/libnss_compat-2.15.so
b609a000-b609b000 r--p 00004000 b3:02 142037     /lib/arm-linux-gnueabihf/libnss_compat-2.15.so
b609b000-b609c000 rw-p 00005000 b3:02 142037     /lib/arm-linux-gnueabihf/libnss_compat-2.15.so
b609c000-b60b9000 r-xp 00000000 b3:02 281651     /usr/lib/jvm/java-6-openjdk-armhf/jre/lib/arm/libjava.so
b60b9000-b60c0000 ---p 0001d000 b3:02 281651     /usr/lib/jvm/java-6-openjdk-armhf/jre/lib/arm/libjava.so
b60c0000-b60c1000 r--p 0001c000 b3:02 281651     /usr/lib/jvm/java-6-openjdk-armhf/jre/lib/arm/libjava.so
b60c1000-b60c3000 rw-p 0001d000 b3:02 281651     /usr/lib/jvm/java-6-openjdk-armhf/jre/lib/arm/libjava.so
b60c3000-b60c8000 r-xp 00000000 b3:02 142023     /lib/arm-linux-gnueabihf/librt-2.15.so
b60c8000-b60cf000 ---p 00005000 b3:02 142023     /lib/arm-linux-gnueabihf/librt-2.15.so
b60cf000-b60d0000 r--p 00004000 b3:02 142023     /lib/arm-linux-gnueabihf/librt-2.15.so
b60d0000-b60d1000 rw-p 00005000 b3:02 142023     /lib/arm-linux-gnueabihf/librt-2.15.so
b60d3000-b60db000 r-xp 00000000 b3:02 281649     /usr/lib/jvm/java-6-openjdk-armhf/jre/lib/arm/libverify.so
b60db000-b60e2000 ---p 00008000 b3:02 281649     /usr/lib/jvm/java-6-openjdk-armhf/jre/lib/arm/libverify.so
b60e2000-b60e3000 r--p 00007000 b3:02 281649     /usr/lib/jvm/java-6-openjdk-armhf/jre/lib/arm/libverify.so
b60e3000-b60e4000 rw-p 00008000 b3:02 281649     /usr/lib/jvm/java-6-openjdk-armhf/jre/lib/arm/libverify.so
b60e4000-b60e8000 ---p 00000000 00:00 0 
b60e8000-b6264000 rw-p 00000000 00:00 0 
b6264000-b6a64000 rwxp 00000000 00:00 0 
b6a64000-b6ac5000 r-xp 00000000 b3:02 142045     /lib/arm-linux-gnueabihf/libm-2.15.so
b6ac5000-b6acc000 ---p 00061000 b3:02 142045     /lib/arm-linux-gnueabihf/libm-2.15.so
b6acc000-b6acd000 r--p 00060000 b3:02 142045     /lib/arm-linux-gnueabihf/libm-2.15.so
b6acd000-b6ace000 rw-p 00061000 b3:02 142045     /lib/arm-linux-gnueabihf/libm-2.15.so
b6ace000-b6b62000 r-xp 00000000 b3:02 220146     /usr/lib/arm-linux-gnueabihf/libstdc++.so.6.0.16
b6b62000-b6b6a000 ---p 00094000 b3:02 220146     /usr/lib/arm-linux-gnueabihf/libstdc++.so.6.0.16
b6b6a000-b6b6d000 r--p 00094000 b3:02 220146     /usr/lib/arm-linux-gnueabihf/libstdc++.so.6.0.16
b6b6d000-b6b6f000 rw-p 00097000 b3:02 220146     /usr/lib/arm-linux-gnueabihf/libstdc++.so.6.0.16
b6b6f000-b6b75000 rw-p 00000000 00:00 0 
b6b75000-b6df9000 r-xp 00000000 b3:02 281664     /usr/lib/jvm/java-6-openjdk-armhf/jre/lib/arm/server/libjvm.so
b6df9000-b6e01000 ---p 00284000 b3:02 281664     /usr/lib/jvm/java-6-openjdk-armhf/jre/lib/arm/server/libjvm.so
b6e01000-b6e0e000 r--p 00284000 b3:02 281664     /usr/lib/jvm/java-6-openjdk-armhf/jre/lib/arm/server/libjvm.so
b6e0e000-b6e1e000 rw-p 00291000 b3:02 281664     /usr/lib/jvm/java-6-openjdk-armhf/jre/lib/arm/server/libjvm.so
b6e1e000-b6e78000 rw-p 00000000 00:00 0 
b6e78000-b6e80000 r-xp 00000000 b3:02 131722     /lib/arm-linux-gnueabihf/libgcc_s.so.1
b6e80000-b6e87000 ---p 00008000 b3:02 131722     /lib/arm-linux-gnueabihf/libgcc_s.so.1
b6e87000-b6e88000 r--p 00007000 b3:02 131722     /lib/arm-linux-gnueabihf/libgcc_s.so.1
b6e88000-b6e89000 rw-p 00008000 b3:02 131722     /lib/arm-linux-gnueabihf/libgcc_s.so.1
b6e89000-b6e98000 r-xp 00000000 b3:02 131755     /lib/arm-linux-gnueabihf/libz.so.1.2.3.4
b6e98000-b6e9f000 ---p 0000f000 b3:02 131755     /lib/arm-linux-gnueabihf/libz.so.1.2.3.4
b6e9f000-b6ea0000 r--p 0000e000 b3:02 131755     /lib/arm-linux-gnueabihf/libz.so.1.2.3.4
b6ea0000-b6ea1000 rw-p 0000f000 b3:02 131755     /lib/arm-linux-gnueabihf/libz.so.1.2.3.4
b6ea1000-b6f77000 r-xp 00000000 b3:02 142025     /lib/arm-linux-gnueabihf/libc-2.15.so
b6f77000-b6f7f000 ---p 000d6000 b3:02 142025     /lib/arm-linux-gnueabihf/libc-2.15.so
b6f7f000-b6f81000 r--p 000d6000 b3:02 142025     /lib/arm-linux-gnueabihf/libc-2.15.so
b6f81000-b6f82000 rw-p 000d8000 b3:02 142025     /lib/arm-linux-gnueabihf/libc-2.15.so
b6f82000-b6f85000 rw-p 00000000 00:00 0 
b6f85000-b6f87000 r-xp 00000000 b3:02 142035     /lib/arm-linux-gnueabihf/libdl-2.15.so
b6f87000-b6f8e000 ---p 00002000 b3:02 142035     /lib/arm-linux-gnueabihf/libdl-2.15.so
b6f8e000-b6f8f000 r--p 00001000 b3:02 142035     /lib/arm-linux-gnueabihf/libdl-2.15.so
b6f8f000-b6f90000 rw-p 00002000 b3:02 142035     /lib/arm-linux-gnueabihf/libdl-2.15.so
b6f90000-b6f92000 r-xp 00000000 b3:02 281675     /usr/lib/jvm/java-6-openjdk-armhf/jre/lib/arm/jli/libjli.so
b6f92000-b6f9a000 ---p 00002000 b3:02 281675     /usr/lib/jvm/java-6-openjdk-armhf/jre/lib/arm/jli/libjli.so
b6f9a000-b6f9b000 r--p 00002000 b3:02 281675     /usr/lib/jvm/java-6-openjdk-armhf/jre/lib/arm/jli/libjli.so
b6f9b000-b6f9c000 rw-p 00003000 b3:02 281675     /usr/lib/jvm/java-6-openjdk-armhf/jre/lib/arm/jli/libjli.so
b6f9c000-b6fac000 r-xp 00000000 b3:02 142031     /lib/arm-linux-gnueabihf/libpthread-2.15.so
b6fac000-b6fb3000 ---p 00010000 b3:02 142031     /lib/arm-linux-gnueabihf/libpthread-2.15.so
b6fb3000-b6fb4000 r--p 0000f000 b3:02 142031     /lib/arm-linux-gnueabihf/libpthread-2.15.so
b6fb4000-b6fb5000 rw-p 00010000 b3:02 142031     /lib/arm-linux-gnueabihf/libpthread-2.15.so
b6fb5000-b6fb7000 rw-p 00000000 00:00 0 
b6fb8000-b6fb9000 rw-p 00000000 00:00 0 
b6fb9000-b6fbc000 r--s 00077000 b3:02 280474     /usr/lib/jvm/java-6-openjdk-common/jre/lib/ext/localedata.jar
b6fbc000-b6fbf000 r--s 00031000 b3:02 280470     /usr/lib/jvm/java-6-openjdk-common/jre/lib/ext/sunjce_provider.jar
b6fbf000-b6fc0000 r--s 00007000 b3:02 65538      /usr/share/java/java-atk-wrapper.jar
b6fc0000-b6fc2000 r--s 00001000 b3:02 280473     /usr/lib/jvm/java-6-openjdk-common/jre/lib/ext/dnsns.jar
b6fc2000-b6fca000 rw-s 00000000 b3:02 246525     /tmp/hsperfdata_panda-user/3862
b6fca000-b6fe1000 r-xp 00000000 b3:02 142041     /lib/arm-linux-gnueabihf/ld-2.15.so
b6fe1000-b6fe2000 rw-p 00000000 00:00 0 
b6fe2000-b6fe3000 r--p 00000000 00:00 0 
b6fe3000-b6fe8000 rw-p 00000000 00:00 0 
b6fe8000-b6fe9000 r--p 00016000 b3:02 142041     /lib/arm-linux-gnueabihf/ld-2.15.so
b6fe9000-b6fea000 rw-p 00017000 b3:02 142041     /lib/arm-linux-gnueabihf/ld-2.15.so
bedb7000-bedd8000 rw-p 00000000 00:00 0          [stack]
ffff0000-ffff1000 r-xp 00000000 00:00 0          [vectors]

VM Arguments:
jvm_args: -ea 
java_command: PandaMain_V2 dc1394://b09d0100aea365
Launcher Type: SUN_STANDARD

Environment Variables:
JAVA_HOME=/usr/lib/jvm/jdk1.7.0_10
CLASSPATH=:/usr/share/java/gluegen-rt.jar:/usr/local/share/java/lcm.jar:/home/panda-user/april/java/april.jar:/home/panda-user/Panda:/home/panda-user/arl-panda/java/arlpanda.jar:/Panda/uorc/orc.jar:/home/panda-user/Panda/uorc/user/java/orc.jar
PATH=/usr/local/sbin:/usr/local/bin:/usr/sbin:/usr/bin:/sbin:/bin:/usr/games:/usr/lib/jvm/jdk1.7.0_10/bin
LD_LIBRARY_PATH=/usr/lib/jvm/java-6-openjdk-armhf/jre/lib/arm/server:/usr/lib/jvm/java-6-openjdk-armhf/jre/lib/arm:/usr/lib/jvm/java-6-openjdk-armhf/jre/../lib/arm::/home/panda-user/april/lib
SHELL=/bin/bash

Signal Handlers:
SIGSEGV: [libjvm.so+0x23b729], sa_mask[0]=0x7ffbfeff, sa_flags=0x10000004
SIGBUS: [libjvm.so+0x23b729], sa_mask[0]=0x7ffbfeff, sa_flags=0x10000004
SIGFPE: [libjvm.so+0x1c773d], sa_mask[0]=0x7ffbfeff, sa_flags=0x10000004
SIGPIPE: [libjvm.so+0x1c773d], sa_mask[0]=0x7ffbfeff, sa_flags=0x10000004
SIGXFSZ: [libjvm.so+0x1c773d], sa_mask[0]=0x7ffbfeff, sa_flags=0x10000004
SIGILL: [libjvm.so+0x1c773d], sa_mask[0]=0x7ffbfeff, sa_flags=0x10000004
SIGUSR1: SIG_DFL, sa_mask[0]=0x00000000, sa_flags=0x00000000
SIGUSR2: [libjvm.so+0x1c7879], sa_mask[0]=0x00000000, sa_flags=0x10000004
SIGHUP: [libjvm.so+0x1c939d], sa_mask[0]=0x7ffbfeff, sa_flags=0x10000004
SIGINT: [libjvm.so+0x1c939d], sa_mask[0]=0x7ffbfeff, sa_flags=0x10000004
SIGTERM: [libjvm.so+0x1c939d], sa_mask[0]=0x7ffbfeff, sa_flags=0x10000004
SIGQUIT: [libjvm.so+0x1c939d], sa_mask[0]=0x7ffbfeff, sa_flags=0x10000004


---------------  S Y S T E M  ---------------

OS:Ubuntu 12.04 (precise)
uname:Linux 3.2.0-1412-omap4 #16-Ubuntu SMP PREEMPT Tue Apr 17 19:38:42 UTC 2012 armv7l
libc:glibc 2.15 NPTL 2.15 
rlimit: STACK 8192k, CORE 0k, NPROC 7197, NOFILE 4096, AS infinity
load average:0.75 1.48 2.42

/proc/meminfo:
MemTotal:         926392 kB
MemFree:          669408 kB
Buffers:           19112 kB
Cached:           163320 kB
SwapCached:            0 kB
Active:            80704 kB
Inactive:         145072 kB
Active(anon):      43564 kB
Inactive(anon):      584 kB
Active(file):      37140 kB
Inactive(file):   144488 kB
Unevictable:           0 kB
Mlocked:               0 kB
HighTotal:        220160 kB
HighFree:          12680 kB
LowTotal:         706232 kB
LowFree:          656728 kB
SwapTotal:        524232 kB
SwapFree:         524232 kB
Dirty:               152 kB
Writeback:             0 kB
AnonPages:         43416 kB
Mapped:            14136 kB
Shmem:               804 kB
Slab:              18096 kB
SReclaimable:      10220 kB
SUnreclaim:         7876 kB
KernelStack:        1448 kB
PageTables:         1132 kB
NFS_Unstable:          0 kB
Bounce:                0 kB
WritebackTmp:          0 kB
CommitLimit:      987428 kB
Committed_AS:     230520 kB
VmallocTotal:     122880 kB
VmallocUsed:        5068 kB
VmallocChunk:     112948 kB


CPU:total 2 

Memory: 4k page, physical 926392k(669408k free), swap 524232k(524232k free)

vm_info: OpenJDK Zero VM (20.0-b12) for linux-arm JRE (1.6.0_24-b24), built on Oct 26 2012 04:19:11 by "buildd" with gcc 4.6.3

time: Wed Feb 13 00:35:41 2013
elapsed time: 0 seconds

